TN:
SF:app.js
FN:16,(anonymous_0)
FN:35,(anonymous_1)
FN:55,(anonymous_2)
FN:89,(anonymous_3)
FN:125,(anonymous_4)
FN:152,(anonymous_5)
FN:163,(anonymous_6)
FN:174,(anonymous_7)
FN:181,(anonymous_8)
FN:201,(anonymous_9)
FN:205,(anonymous_10)
FN:211,(anonymous_11)
FNF:12
FNH:7
FNDA:2,(anonymous_0)
FNDA:1,(anonymous_1)
FNDA:0,(anonymous_2)
FNDA:0,(anonymous_3)
FNDA:2,(anonymous_4)
FNDA:1,(anonymous_5)
FNDA:2,(anonymous_6)
FNDA:2,(anonymous_7)
FNDA:2,(anonymous_8)
FNDA:0,(anonymous_9)
FNDA:0,(anonymous_10)
FNDA:0,(anonymous_11)
DA:1,1
DA:2,1
DA:3,1
DA:4,1
DA:5,1
DA:6,1
DA:7,1
DA:9,1
DA:12,1
DA:13,1
DA:16,1
DA:19,2
DA:20,2
DA:22,0
DA:23,0
DA:26,2
DA:27,0
DA:30,2
DA:31,2
DA:35,1
DA:36,1
DA:38,1
DA:40,0
DA:42,0
DA:43,0
DA:45,0
DA:49,1
DA:50,1
DA:53,1
DA:55,0
DA:56,0
DA:65,0
DA:68,1
DA:69,1
DA:71,1
DA:72,1
DA:74,1
DA:75,0
DA:84,1
DA:89,1
DA:91,0
DA:93,0
DA:94,0
DA:95,0
DA:97,0
DA:98,0
DA:100,0
DA:101,0
DA:102,0
DA:103,0
DA:107,0
DA:111,0
DA:112,0
DA:113,0
DA:115,0
DA:116,0
DA:119,0
DA:120,0
DA:125,1
DA:126,2
DA:128,2
DA:129,1
DA:133,1
DA:138,1
DA:139,1
DA:140,0
DA:142,1
DA:145,1
DA:149,1
DA:150,1
DA:152,1
DA:159,1
DA:163,1
DA:164,2
DA:165,2
DA:166,2
DA:168,2
DA:170,2
DA:171,2
DA:172,2
DA:173,2
DA:174,2
DA:175,2
DA:176,1
DA:177,1
DA:179,1
DA:180,1
DA:181,2
DA:183,0
DA:184,0
DA:185,0
DA:186,0
DA:187,0
DA:188,0
DA:190,0
DA:191,0
DA:192,0
DA:193,0
DA:194,0
DA:198,0
DA:199,0
DA:200,0
DA:201,0
DA:202,0
DA:203,0
DA:205,0
DA:207,0
DA:208,0
DA:209,0
DA:210,0
DA:211,0
DA:213,0
DA:214,0
DA:215,0
DA:216,0
DA:217,0
DA:221,1
DA:223,1
DA:235,1
LF:119
LH:61
BRDA:19,0,0,2
BRDA:19,0,1,0
BRDA:26,1,0,0
BRDA:26,1,1,2
BRDA:38,2,0,0
BRDA:38,2,1,1
BRDA:53,3,0,0
BRDA:53,3,1,1
BRDA:53,4,0,1
BRDA:53,4,1,1
BRDA:53,4,2,1
BRDA:74,5,0,0
BRDA:74,5,1,1
BRDA:91,6,0,0
BRDA:91,6,1,0
BRDA:102,7,0,0
BRDA:102,7,1,0
BRDA:115,8,0,0
BRDA:115,8,1,0
BRDA:128,9,0,1
BRDA:128,9,1,1
BRDA:128,10,0,2
BRDA:128,10,1,1
BRDA:128,10,2,1
BRDA:128,10,3,1
BRDA:139,11,0,0
BRDA:139,11,1,1
BRDA:168,12,0,2
BRDA:168,12,1,0
BRDA:171,13,0,2
BRDA:171,13,1,0
BRDA:175,14,0,1
BRDA:175,14,1,1
BRDA:185,15,0,0
BRDA:185,15,1,0
BRDA:192,16,0,0
BRDA:192,16,1,0
BRDA:198,17,0,0
BRDA:198,17,1,0
BRDA:201,18,0,0
BRDA:201,18,1,0
BRDA:209,19,0,0
BRDA:209,19,1,0
BRDA:211,20,0,0
BRDA:211,20,1,0
BRDA:215,21,0,0
BRDA:215,21,1,0
BRDA:221,22,0,1
BRDA:221,22,1,0
BRDA:224,23,0,1
BRDA:224,23,1,0
BRF:51
BRH:21
end_of_record
