{"C:\\Users\\mrtre\\Documents\\ESGI\\Hackathon\\hackaton_savoie\\hackaton_back\\app.js": {"path":"C:\\Users\\mrtre\\Documents\\ESGI\\Hackathon\\hackaton_savoie\\hackaton_back\\app.js","statementMap":{"0":{"start":{"line":1,"column":0},"end":{"line":1,"column":27}},"1":{"start":{"line":2,"column":13},"end":{"line":2,"column":28}},"2":{"start":{"line":3,"column":16},"end":{"line":3,"column":34}},"3":{"start":{"line":4,"column":18},"end":{"line":4,"column":47}},"4":{"start":{"line":5,"column":13},"end":{"line":5,"column":30}},"5":{"start":{"line":6,"column":13},"end":{"line":6,"column":17}},"6":{"start":{"line":7,"column":12},"end":{"line":7,"column":21}},"7":{"start":{"line":9,"column":0},"end":{"line":9,"column":16}},"8":{"start":{"line":12,"column":24},"end":{"line":12,"column":51}},"9":{"start":{"line":13,"column":0},"end":{"line":13,"column":72}},"10":{"start":{"line":16,"column":0},"end":{"line":32,"column":3}},"11":{"start":{"line":19,"column":2},"end":{"line":24,"column":3}},"12":{"start":{"line":20,"column":4},"end":{"line":20,"column":61}},"13":{"start":{"line":22,"column":16},"end":{"line":22,"column":66}},"14":{"start":{"line":23,"column":4},"end":{"line":23,"column":32}},"15":{"start":{"line":26,"column":2},"end":{"line":28,"column":3}},"16":{"start":{"line":27,"column":4},"end":{"line":27,"column":54}},"17":{"start":{"line":30,"column":15},"end":{"line":30,"column":36}},"18":{"start":{"line":31,"column":2},"end":{"line":31,"column":24}},"19":{"start":{"line":35,"column":0},"end":{"line":81,"column":3}},"20":{"start":{"line":36,"column":25},"end":{"line":36,"column":34}},"21":{"start":{"line":38,"column":2},"end":{"line":80,"column":3}},"22":{"start":{"line":40,"column":16},"end":{"line":40,"column":251}},"23":{"start":{"line":42,"column":21},"end":{"line":42,"column":37}},"24":{"start":{"line":43,"column":17},"end":{"line":43,"column":38}},"25":{"start":{"line":45,"column":4},"end":{"line":45,"column":19}},"26":{"start":{"line":49,"column":21},"end":{"line":49,"column":66}},"27":{"start":{"line":50,"column":17},"end":{"line":50,"column":38}},"28":{"start":{"line":53,"column":4},"end":{"line":63,"column":5}},"29":{"start":{"line":55,"column":30},"end":{"line":60,"column":7}},"30":{"start":{"line":56,"column":7},"end":{"line":59,"column":9}},"31":{"start":{"line":62,"column":6},"end":{"line":62,"column":39}},"32":{"start":{"line":65,"column":28},"end":{"line":65,"column":30}},"33":{"start":{"line":66,"column":18},"end":{"line":66,"column":51}},"34":{"start":{"line":68,"column":4},"end":{"line":77,"column":5}},"35":{"start":{"line":68,"column":17},"end":{"line":68,"column":18}},"36":{"start":{"line":69,"column":22},"end":{"line":69,"column":29}},"37":{"start":{"line":71,"column":6},"end":{"line":76,"column":7}},"38":{"start":{"line":72,"column":8},"end":{"line":75,"column":11}},"39":{"start":{"line":79,"column":4},"end":{"line":79,"column":37}},"40":{"start":{"line":84,"column":0},"end":{"line":117,"column":3}},"41":{"start":{"line":86,"column":2},"end":{"line":116,"column":3}},"42":{"start":{"line":88,"column":21},"end":{"line":88,"column":31}},"43":{"start":{"line":89,"column":21},"end":{"line":89,"column":66}},"44":{"start":{"line":90,"column":17},"end":{"line":90,"column":38}},"45":{"start":{"line":92,"column":28},"end":{"line":92,"column":30}},"46":{"start":{"line":93,"column":18},"end":{"line":93,"column":45}},"47":{"start":{"line":95,"column":4},"end":{"line":100,"column":5}},"48":{"start":{"line":95,"column":17},"end":{"line":95,"column":18}},"49":{"start":{"line":96,"column":22},"end":{"line":96,"column":29}},"50":{"start":{"line":97,"column":6},"end":{"line":99,"column":7}},"51":{"start":{"line":98,"column":8},"end":{"line":98,"column":38}},"52":{"start":{"line":102,"column":4},"end":{"line":102,"column":37}},"53":{"start":{"line":106,"column":21},"end":{"line":106,"column":31}},"54":{"start":{"line":107,"column":16},"end":{"line":107,"column":58}},"55":{"start":{"line":108,"column":21},"end":{"line":108,"column":37}},"56":{"start":{"line":110,"column":4},"end":{"line":112,"column":5}},"57":{"start":{"line":111,"column":6},"end":{"line":111,"column":56}},"58":{"start":{"line":114,"column":17},"end":{"line":114,"column":38}},"59":{"start":{"line":115,"column":4},"end":{"line":115,"column":25}},"60":{"start":{"line":120,"column":0},"end":{"line":155,"column":3}},"61":{"start":{"line":121,"column":23},"end":{"line":121,"column":32}},"62":{"start":{"line":123,"column":2},"end":{"line":125,"column":3}},"63":{"start":{"line":124,"column":4},"end":{"line":124,"column":70}},"64":{"start":{"line":128,"column":4},"end":{"line":132,"column":18}},"65":{"start":{"line":133,"column":19},"end":{"line":133,"column":35}},"66":{"start":{"line":134,"column":2},"end":{"line":136,"column":3}},"67":{"start":{"line":135,"column":4},"end":{"line":135,"column":54}},"68":{"start":{"line":137,"column":23},"end":{"line":137,"column":44}},"69":{"start":{"line":140,"column":4},"end":{"line":142,"column":90}},"70":{"start":{"line":144,"column":26},"end":{"line":144,"column":49}},"71":{"start":{"line":145,"column":15},"end":{"line":145,"column":43}},"72":{"start":{"line":147,"column":19},"end":{"line":152,"column":5}},"73":{"start":{"line":147,"column":50},"end":{"line":152,"column":3}},"74":{"start":{"line":154,"column":2},"end":{"line":154,"column":21}},"75":{"start":{"line":157,"column":0},"end":{"line":157,"column":21}}},"fnMap":{"0":{"name":"(anonymous_0)","decl":{"start":{"line":16,"column":37},"end":{"line":16,"column":38}},"loc":{"start":{"line":16,"column":57},"end":{"line":32,"column":1}},"line":16},"1":{"name":"(anonymous_1)","decl":{"start":{"line":35,"column":37},"end":{"line":35,"column":38}},"loc":{"start":{"line":35,"column":57},"end":{"line":81,"column":1}},"line":35},"2":{"name":"(anonymous_2)","decl":{"start":{"line":55,"column":39},"end":{"line":55,"column":40}},"loc":{"start":{"line":56,"column":7},"end":{"line":59,"column":9}},"line":56},"3":{"name":"(anonymous_3)","decl":{"start":{"line":84,"column":43},"end":{"line":84,"column":44}},"loc":{"start":{"line":84,"column":63},"end":{"line":117,"column":1}},"line":84},"4":{"name":"(anonymous_4)","decl":{"start":{"line":120,"column":31},"end":{"line":120,"column":32}},"loc":{"start":{"line":120,"column":51},"end":{"line":155,"column":1}},"line":120},"5":{"name":"(anonymous_5)","decl":{"start":{"line":147,"column":36},"end":{"line":147,"column":37}},"loc":{"start":{"line":147,"column":50},"end":{"line":152,"column":3}},"line":147}},"branchMap":{"0":{"loc":{"start":{"line":19,"column":2},"end":{"line":24,"column":3}},"type":"if","locations":[{"start":{"line":19,"column":2},"end":{"line":24,"column":3}},{"start":{"line":21,"column":9},"end":{"line":24,"column":3}}],"line":19},"1":{"loc":{"start":{"line":26,"column":2},"end":{"line":28,"column":3}},"type":"if","locations":[{"start":{"line":26,"column":2},"end":{"line":28,"column":3}},{"start":{},"end":{}}],"line":26},"2":{"loc":{"start":{"line":38,"column":2},"end":{"line":80,"column":3}},"type":"if","locations":[{"start":{"line":38,"column":2},"end":{"line":80,"column":3}},{"start":{"line":48,"column":2},"end":{"line":80,"column":3}}],"line":38},"3":{"loc":{"start":{"line":53,"column":4},"end":{"line":63,"column":5}},"type":"if","locations":[{"start":{"line":53,"column":4},"end":{"line":63,"column":5}},{"start":{},"end":{}}],"line":53},"4":{"loc":{"start":{"line":53,"column":7},"end":{"line":53,"column":72}},"type":"binary-expr","locations":[{"start":{"line":53,"column":7},"end":{"line":53,"column":23}},{"start":{"line":53,"column":27},"end":{"line":53,"column":50}},{"start":{"line":53,"column":54},"end":{"line":53,"column":72}}],"line":53},"5":{"loc":{"start":{"line":71,"column":6},"end":{"line":76,"column":7}},"type":"if","locations":[{"start":{"line":71,"column":6},"end":{"line":76,"column":7}},{"start":{},"end":{}}],"line":71},"6":{"loc":{"start":{"line":86,"column":2},"end":{"line":116,"column":3}},"type":"if","locations":[{"start":{"line":86,"column":2},"end":{"line":116,"column":3}},{"start":{"line":105,"column":2},"end":{"line":116,"column":3}}],"line":86},"7":{"loc":{"start":{"line":97,"column":6},"end":{"line":99,"column":7}},"type":"if","locations":[{"start":{"line":97,"column":6},"end":{"line":99,"column":7}},{"start":{},"end":{}}],"line":97},"8":{"loc":{"start":{"line":110,"column":4},"end":{"line":112,"column":5}},"type":"if","locations":[{"start":{"line":110,"column":4},"end":{"line":112,"column":5}},{"start":{},"end":{}}],"line":110},"9":{"loc":{"start":{"line":123,"column":2},"end":{"line":125,"column":3}},"type":"if","locations":[{"start":{"line":123,"column":2},"end":{"line":125,"column":3}},{"start":{},"end":{}}],"line":123},"10":{"loc":{"start":{"line":123,"column":6},"end":{"line":123,"column":48}},"type":"binary-expr","locations":[{"start":{"line":123,"column":6},"end":{"line":123,"column":10}},{"start":{"line":123,"column":14},"end":{"line":123,"column":18}},{"start":{"line":123,"column":22},"end":{"line":123,"column":33}},{"start":{"line":123,"column":37},"end":{"line":123,"column":48}}],"line":123},"11":{"loc":{"start":{"line":134,"column":2},"end":{"line":136,"column":3}},"type":"if","locations":[{"start":{"line":134,"column":2},"end":{"line":136,"column":3}},{"start":{},"end":{}}],"line":134}},"s":{"0":1,"1":1,"2":1,"3":1,"4":1,"5":1,"6":1,"7":1,"8":1,"9":1,"10":1,"11":2,"12":2,"13":0,"14":0,"15":2,"16":0,"17":2,"18":2,"19":1,"20":1,"21":1,"22":0,"23":0,"24":0,"25":0,"26":1,"27":1,"28":1,"29":0,"30":0,"31":0,"32":1,"33":1,"34":1,"35":1,"36":1,"37":1,"38":0,"39":1,"40":1,"41":0,"42":0,"43":0,"44":0,"45":0,"46":0,"47":0,"48":0,"49":0,"50":0,"51":0,"52":0,"53":0,"54":0,"55":0,"56":0,"57":0,"58":0,"59":0,"60":1,"61":2,"62":2,"63":1,"64":1,"65":1,"66":1,"67":0,"68":1,"69":1,"70":1,"71":1,"72":1,"73":1,"74":1,"75":1},"f":{"0":2,"1":1,"2":0,"3":0,"4":2,"5":1},"b":{"0":[2,0],"1":[0,2],"2":[0,1],"3":[0,1],"4":[1,1,1],"5":[0,1],"6":[0,0],"7":[0,0],"8":[0,0],"9":[1,1],"10":[2,1,1,1],"11":[0,1]},"_coverageSchema":"1a1c01bbd47fc00a2c39e90264f33305004495a9","hash":"69f562e8f1fa0744ef8801f4c06e1a2cd5934e85"}
}
