{"C:\\Users\\mrtre\\Documents\\ESGI\\Hackathon\\hackaton_savoie\\hackaton_back\\app.js": {"path":"C:\\Users\\mrtre\\Documents\\ESGI\\Hackathon\\hackaton_savoie\\hackaton_back\\app.js","statementMap":{"0":{"start":{"line":1,"column":0},"end":{"line":1,"column":27}},"1":{"start":{"line":2,"column":13},"end":{"line":2,"column":28}},"2":{"start":{"line":3,"column":16},"end":{"line":3,"column":34}},"3":{"start":{"line":4,"column":18},"end":{"line":4,"column":47}},"4":{"start":{"line":5,"column":13},"end":{"line":5,"column":30}},"5":{"start":{"line":6,"column":13},"end":{"line":6,"column":17}},"6":{"start":{"line":7,"column":12},"end":{"line":7,"column":21}},"7":{"start":{"line":9,"column":0},"end":{"line":9,"column":16}},"8":{"start":{"line":12,"column":24},"end":{"line":12,"column":51}},"9":{"start":{"line":13,"column":0},"end":{"line":13,"column":72}},"10":{"start":{"line":16,"column":0},"end":{"line":32,"column":3}},"11":{"start":{"line":19,"column":2},"end":{"line":24,"column":3}},"12":{"start":{"line":20,"column":4},"end":{"line":20,"column":61}},"13":{"start":{"line":22,"column":16},"end":{"line":22,"column":66}},"14":{"start":{"line":23,"column":4},"end":{"line":23,"column":32}},"15":{"start":{"line":26,"column":2},"end":{"line":28,"column":3}},"16":{"start":{"line":27,"column":4},"end":{"line":27,"column":54}},"17":{"start":{"line":30,"column":15},"end":{"line":30,"column":36}},"18":{"start":{"line":31,"column":2},"end":{"line":31,"column":24}},"19":{"start":{"line":35,"column":0},"end":{"line":86,"column":3}},"20":{"start":{"line":36,"column":25},"end":{"line":36,"column":34}},"21":{"start":{"line":38,"column":2},"end":{"line":85,"column":3}},"22":{"start":{"line":40,"column":16},"end":{"line":40,"column":251}},"23":{"start":{"line":42,"column":21},"end":{"line":42,"column":37}},"24":{"start":{"line":43,"column":17},"end":{"line":43,"column":38}},"25":{"start":{"line":45,"column":4},"end":{"line":45,"column":19}},"26":{"start":{"line":49,"column":21},"end":{"line":49,"column":66}},"27":{"start":{"line":50,"column":17},"end":{"line":50,"column":38}},"28":{"start":{"line":53,"column":4},"end":{"line":66,"column":5}},"29":{"start":{"line":55,"column":30},"end":{"line":63,"column":7}},"30":{"start":{"line":56,"column":7},"end":{"line":62,"column":9}},"31":{"start":{"line":65,"column":6},"end":{"line":65,"column":39}},"32":{"start":{"line":68,"column":28},"end":{"line":68,"column":30}},"33":{"start":{"line":69,"column":18},"end":{"line":69,"column":51}},"34":{"start":{"line":71,"column":4},"end":{"line":82,"column":5}},"35":{"start":{"line":71,"column":17},"end":{"line":71,"column":18}},"36":{"start":{"line":72,"column":22},"end":{"line":72,"column":29}},"37":{"start":{"line":74,"column":6},"end":{"line":81,"column":7}},"38":{"start":{"line":75,"column":8},"end":{"line":80,"column":11}},"39":{"start":{"line":84,"column":4},"end":{"line":84,"column":37}},"40":{"start":{"line":89,"column":0},"end":{"line":122,"column":3}},"41":{"start":{"line":91,"column":2},"end":{"line":121,"column":3}},"42":{"start":{"line":93,"column":21},"end":{"line":93,"column":31}},"43":{"start":{"line":94,"column":21},"end":{"line":94,"column":66}},"44":{"start":{"line":95,"column":17},"end":{"line":95,"column":38}},"45":{"start":{"line":97,"column":28},"end":{"line":97,"column":30}},"46":{"start":{"line":98,"column":18},"end":{"line":98,"column":45}},"47":{"start":{"line":100,"column":4},"end":{"line":105,"column":5}},"48":{"start":{"line":100,"column":17},"end":{"line":100,"column":18}},"49":{"start":{"line":101,"column":22},"end":{"line":101,"column":29}},"50":{"start":{"line":102,"column":6},"end":{"line":104,"column":7}},"51":{"start":{"line":103,"column":8},"end":{"line":103,"column":38}},"52":{"start":{"line":107,"column":4},"end":{"line":107,"column":37}},"53":{"start":{"line":111,"column":21},"end":{"line":111,"column":31}},"54":{"start":{"line":112,"column":16},"end":{"line":112,"column":58}},"55":{"start":{"line":113,"column":21},"end":{"line":113,"column":37}},"56":{"start":{"line":115,"column":4},"end":{"line":117,"column":5}},"57":{"start":{"line":116,"column":6},"end":{"line":116,"column":56}},"58":{"start":{"line":119,"column":17},"end":{"line":119,"column":38}},"59":{"start":{"line":120,"column":4},"end":{"line":120,"column":25}},"60":{"start":{"line":125,"column":0},"end":{"line":160,"column":3}},"61":{"start":{"line":126,"column":23},"end":{"line":126,"column":32}},"62":{"start":{"line":128,"column":2},"end":{"line":130,"column":3}},"63":{"start":{"line":129,"column":4},"end":{"line":129,"column":70}},"64":{"start":{"line":133,"column":4},"end":{"line":137,"column":18}},"65":{"start":{"line":138,"column":19},"end":{"line":138,"column":35}},"66":{"start":{"line":139,"column":2},"end":{"line":141,"column":3}},"67":{"start":{"line":140,"column":4},"end":{"line":140,"column":54}},"68":{"start":{"line":142,"column":23},"end":{"line":142,"column":44}},"69":{"start":{"line":145,"column":4},"end":{"line":147,"column":90}},"70":{"start":{"line":149,"column":26},"end":{"line":149,"column":49}},"71":{"start":{"line":150,"column":15},"end":{"line":150,"column":43}},"72":{"start":{"line":152,"column":19},"end":{"line":157,"column":5}},"73":{"start":{"line":152,"column":50},"end":{"line":157,"column":3}},"74":{"start":{"line":159,"column":2},"end":{"line":159,"column":21}},"75":{"start":{"line":163,"column":0},"end":{"line":229,"column":3}},"76":{"start":{"line":164,"column":19},"end":{"line":164,"column":28}},"77":{"start":{"line":165,"column":19},"end":{"line":165,"column":20}},"78":{"start":{"line":166,"column":22},"end":{"line":166,"column":23}},"79":{"start":{"line":168,"column":2},"end":{"line":219,"column":3}},"80":{"start":{"line":170,"column":21},"end":{"line":170,"column":23}},"81":{"start":{"line":171,"column":4},"end":{"line":195,"column":5}},"82":{"start":{"line":172,"column":23},"end":{"line":172,"column":68}},"83":{"start":{"line":173,"column":23},"end":{"line":173,"column":44}},"84":{"start":{"line":174,"column":22},"end":{"line":174,"column":59}},"85":{"start":{"line":174,"column":43},"end":{"line":174,"column":58}},"86":{"start":{"line":175,"column":6},"end":{"line":175,"column":82}},"87":{"start":{"line":175,"column":20},"end":{"line":175,"column":82}},"88":{"start":{"line":176,"column":6},"end":{"line":176,"column":38}},"89":{"start":{"line":177,"column":6},"end":{"line":177,"column":43}},"90":{"start":{"line":179,"column":26},"end":{"line":179,"column":71}},"91":{"start":{"line":180,"column":23},"end":{"line":180,"column":47}},"92":{"start":{"line":181,"column":6},"end":{"line":181,"column":75}},"93":{"start":{"line":181,"column":45},"end":{"line":181,"column":66}},"94":{"start":{"line":183,"column":25},"end":{"line":183,"column":67}},"95":{"start":{"line":184,"column":23},"end":{"line":184,"column":46}},"96":{"start":{"line":185,"column":6},"end":{"line":185,"column":86}},"97":{"start":{"line":185,"column":24},"end":{"line":185,"column":86}},"98":{"start":{"line":186,"column":19},"end":{"line":186,"column":40}},"99":{"start":{"line":187,"column":6},"end":{"line":187,"column":35}},"100":{"start":{"line":188,"column":6},"end":{"line":188,"column":40}},"101":{"start":{"line":190,"column":25},"end":{"line":190,"column":245}},"102":{"start":{"line":191,"column":26},"end":{"line":191,"column":49}},"103":{"start":{"line":192,"column":6},"end":{"line":192,"column":98}},"104":{"start":{"line":192,"column":27},"end":{"line":192,"column":98}},"105":{"start":{"line":193,"column":22},"end":{"line":193,"column":46}},"106":{"start":{"line":194,"column":6},"end":{"line":194,"column":45}},"107":{"start":{"line":198,"column":4},"end":{"line":218,"column":5}},"108":{"start":{"line":199,"column":27},"end":{"line":199,"column":72}},"109":{"start":{"line":200,"column":23},"end":{"line":200,"column":48}},"110":{"start":{"line":201,"column":6},"end":{"line":201,"column":77}},"111":{"start":{"line":201,"column":47},"end":{"line":201,"column":72}},"112":{"start":{"line":202,"column":26},"end":{"line":202,"column":71}},"113":{"start":{"line":203,"column":23},"end":{"line":203,"column":47}},"114":{"start":{"line":205,"column":6},"end":{"line":205,"column":71}},"115":{"start":{"line":205,"column":43},"end":{"line":205,"column":62}},"116":{"start":{"line":207,"column":26},"end":{"line":207,"column":94}},"117":{"start":{"line":208,"column":27},"end":{"line":208,"column":51}},"118":{"start":{"line":209,"column":6},"end":{"line":209,"column":101}},"119":{"start":{"line":209,"column":28},"end":{"line":209,"column":101}},"120":{"start":{"line":210,"column":23},"end":{"line":210,"column":48}},"121":{"start":{"line":211,"column":6},"end":{"line":211,"column":77}},"122":{"start":{"line":211,"column":47},"end":{"line":211,"column":72}},"123":{"start":{"line":213,"column":25},"end":{"line":213,"column":211}},"124":{"start":{"line":214,"column":26},"end":{"line":214,"column":49}},"125":{"start":{"line":215,"column":6},"end":{"line":215,"column":98}},"126":{"start":{"line":215,"column":27},"end":{"line":215,"column":98}},"127":{"start":{"line":216,"column":19},"end":{"line":216,"column":43}},"128":{"start":{"line":217,"column":6},"end":{"line":217,"column":42}},"129":{"start":{"line":221,"column":21},"end":{"line":221,"column":71}},"130":{"start":{"line":223,"column":2},"end":{"line":228,"column":5}},"131":{"start":{"line":235,"column":0},"end":{"line":235,"column":21}}},"fnMap":{"0":{"name":"(anonymous_0)","decl":{"start":{"line":16,"column":37},"end":{"line":16,"column":38}},"loc":{"start":{"line":16,"column":57},"end":{"line":32,"column":1}},"line":16},"1":{"name":"(anonymous_1)","decl":{"start":{"line":35,"column":37},"end":{"line":35,"column":38}},"loc":{"start":{"line":35,"column":57},"end":{"line":86,"column":1}},"line":35},"2":{"name":"(anonymous_2)","decl":{"start":{"line":55,"column":39},"end":{"line":55,"column":40}},"loc":{"start":{"line":56,"column":7},"end":{"line":62,"column":9}},"line":56},"3":{"name":"(anonymous_3)","decl":{"start":{"line":89,"column":43},"end":{"line":89,"column":44}},"loc":{"start":{"line":89,"column":63},"end":{"line":122,"column":1}},"line":89},"4":{"name":"(anonymous_4)","decl":{"start":{"line":125,"column":31},"end":{"line":125,"column":32}},"loc":{"start":{"line":125,"column":51},"end":{"line":160,"column":1}},"line":125},"5":{"name":"(anonymous_5)","decl":{"start":{"line":152,"column":36},"end":{"line":152,"column":37}},"loc":{"start":{"line":152,"column":50},"end":{"line":157,"column":3}},"line":152},"6":{"name":"(anonymous_6)","decl":{"start":{"line":163,"column":63},"end":{"line":163,"column":64}},"loc":{"start":{"line":163,"column":83},"end":{"line":229,"column":1}},"line":163},"7":{"name":"(anonymous_7)","decl":{"start":{"line":174,"column":36},"end":{"line":174,"column":37}},"loc":{"start":{"line":174,"column":43},"end":{"line":174,"column":58}},"line":174},"8":{"name":"(anonymous_8)","decl":{"start":{"line":181,"column":38},"end":{"line":181,"column":39}},"loc":{"start":{"line":181,"column":45},"end":{"line":181,"column":66}},"line":181},"9":{"name":"(anonymous_9)","decl":{"start":{"line":201,"column":35},"end":{"line":201,"column":36}},"loc":{"start":{"line":201,"column":47},"end":{"line":201,"column":72}},"line":201},"10":{"name":"(anonymous_10)","decl":{"start":{"line":205,"column":38},"end":{"line":205,"column":39}},"loc":{"start":{"line":205,"column":43},"end":{"line":205,"column":62}},"line":205},"11":{"name":"(anonymous_11)","decl":{"start":{"line":211,"column":35},"end":{"line":211,"column":36}},"loc":{"start":{"line":211,"column":47},"end":{"line":211,"column":72}},"line":211}},"branchMap":{"0":{"loc":{"start":{"line":19,"column":2},"end":{"line":24,"column":3}},"type":"if","locations":[{"start":{"line":19,"column":2},"end":{"line":24,"column":3}},{"start":{"line":21,"column":9},"end":{"line":24,"column":3}}],"line":19},"1":{"loc":{"start":{"line":26,"column":2},"end":{"line":28,"column":3}},"type":"if","locations":[{"start":{"line":26,"column":2},"end":{"line":28,"column":3}},{"start":{},"end":{}}],"line":26},"2":{"loc":{"start":{"line":38,"column":2},"end":{"line":85,"column":3}},"type":"if","locations":[{"start":{"line":38,"column":2},"end":{"line":85,"column":3}},{"start":{"line":48,"column":2},"end":{"line":85,"column":3}}],"line":38},"3":{"loc":{"start":{"line":53,"column":4},"end":{"line":66,"column":5}},"type":"if","locations":[{"start":{"line":53,"column":4},"end":{"line":66,"column":5}},{"start":{},"end":{}}],"line":53},"4":{"loc":{"start":{"line":53,"column":7},"end":{"line":53,"column":72}},"type":"binary-expr","locations":[{"start":{"line":53,"column":7},"end":{"line":53,"column":23}},{"start":{"line":53,"column":27},"end":{"line":53,"column":50}},{"start":{"line":53,"column":54},"end":{"line":53,"column":72}}],"line":53},"5":{"loc":{"start":{"line":74,"column":6},"end":{"line":81,"column":7}},"type":"if","locations":[{"start":{"line":74,"column":6},"end":{"line":81,"column":7}},{"start":{},"end":{}}],"line":74},"6":{"loc":{"start":{"line":91,"column":2},"end":{"line":121,"column":3}},"type":"if","locations":[{"start":{"line":91,"column":2},"end":{"line":121,"column":3}},{"start":{"line":110,"column":2},"end":{"line":121,"column":3}}],"line":91},"7":{"loc":{"start":{"line":102,"column":6},"end":{"line":104,"column":7}},"type":"if","locations":[{"start":{"line":102,"column":6},"end":{"line":104,"column":7}},{"start":{},"end":{}}],"line":102},"8":{"loc":{"start":{"line":115,"column":4},"end":{"line":117,"column":5}},"type":"if","locations":[{"start":{"line":115,"column":4},"end":{"line":117,"column":5}},{"start":{},"end":{}}],"line":115},"9":{"loc":{"start":{"line":128,"column":2},"end":{"line":130,"column":3}},"type":"if","locations":[{"start":{"line":128,"column":2},"end":{"line":130,"column":3}},{"start":{},"end":{}}],"line":128},"10":{"loc":{"start":{"line":128,"column":6},"end":{"line":128,"column":48}},"type":"binary-expr","locations":[{"start":{"line":128,"column":6},"end":{"line":128,"column":10}},{"start":{"line":128,"column":14},"end":{"line":128,"column":18}},{"start":{"line":128,"column":22},"end":{"line":128,"column":33}},{"start":{"line":128,"column":37},"end":{"line":128,"column":48}}],"line":128},"11":{"loc":{"start":{"line":139,"column":2},"end":{"line":141,"column":3}},"type":"if","locations":[{"start":{"line":139,"column":2},"end":{"line":141,"column":3}},{"start":{},"end":{}}],"line":139},"12":{"loc":{"start":{"line":168,"column":2},"end":{"line":219,"column":3}},"type":"if","locations":[{"start":{"line":168,"column":2},"end":{"line":219,"column":3}},{"start":{"line":196,"column":9},"end":{"line":219,"column":3}}],"line":168},"13":{"loc":{"start":{"line":171,"column":4},"end":{"line":195,"column":5}},"type":"if","locations":[{"start":{"line":171,"column":4},"end":{"line":195,"column":5}},{"start":{"line":182,"column":11},"end":{"line":195,"column":5}}],"line":171},"14":{"loc":{"start":{"line":175,"column":6},"end":{"line":175,"column":82}},"type":"if","locations":[{"start":{"line":175,"column":6},"end":{"line":175,"column":82}},{"start":{},"end":{}}],"line":175},"15":{"loc":{"start":{"line":185,"column":6},"end":{"line":185,"column":86}},"type":"if","locations":[{"start":{"line":185,"column":6},"end":{"line":185,"column":86}},{"start":{},"end":{}}],"line":185},"16":{"loc":{"start":{"line":192,"column":6},"end":{"line":192,"column":98}},"type":"if","locations":[{"start":{"line":192,"column":6},"end":{"line":192,"column":98}},{"start":{},"end":{}}],"line":192},"17":{"loc":{"start":{"line":198,"column":4},"end":{"line":218,"column":5}},"type":"if","locations":[{"start":{"line":198,"column":4},"end":{"line":218,"column":5}},{"start":{"line":206,"column":11},"end":{"line":218,"column":5}}],"line":198},"18":{"loc":{"start":{"line":201,"column":54},"end":{"line":201,"column":71}},"type":"binary-expr","locations":[{"start":{"line":201,"column":54},"end":{"line":201,"column":66}},{"start":{"line":201,"column":70},"end":{"line":201,"column":71}}],"line":201},"19":{"loc":{"start":{"line":209,"column":6},"end":{"line":209,"column":101}},"type":"if","locations":[{"start":{"line":209,"column":6},"end":{"line":209,"column":101}},{"start":{},"end":{}}],"line":209},"20":{"loc":{"start":{"line":211,"column":54},"end":{"line":211,"column":71}},"type":"binary-expr","locations":[{"start":{"line":211,"column":54},"end":{"line":211,"column":66}},{"start":{"line":211,"column":70},"end":{"line":211,"column":71}}],"line":211},"21":{"loc":{"start":{"line":215,"column":6},"end":{"line":215,"column":98}},"type":"if","locations":[{"start":{"line":215,"column":6},"end":{"line":215,"column":98}},{"start":{},"end":{}}],"line":215},"22":{"loc":{"start":{"line":221,"column":21},"end":{"line":221,"column":71}},"type":"cond-expr","locations":[{"start":{"line":221,"column":41},"end":{"line":221,"column":67}},{"start":{"line":221,"column":70},"end":{"line":221,"column":71}}],"line":221},"23":{"loc":{"start":{"line":224,"column":17},"end":{"line":224,"column":35}},"type":"cond-expr","locations":[{"start":{"line":224,"column":24},"end":{"line":224,"column":28}},{"start":{"line":224,"column":31},"end":{"line":224,"column":35}}],"line":224}},"s":{"0":1,"1":1,"2":1,"3":1,"4":1,"5":1,"6":1,"7":1,"8":1,"9":1,"10":1,"11":2,"12":2,"13":0,"14":0,"15":2,"16":0,"17":2,"18":2,"19":1,"20":1,"21":1,"22":0,"23":0,"24":0,"25":0,"26":1,"27":1,"28":1,"29":0,"30":0,"31":0,"32":1,"33":1,"34":1,"35":1,"36":1,"37":1,"38":0,"39":1,"40":1,"41":0,"42":0,"43":0,"44":0,"45":0,"46":0,"47":0,"48":0,"49":0,"50":0,"51":0,"52":0,"53":0,"54":0,"55":0,"56":0,"57":0,"58":0,"59":0,"60":1,"61":2,"62":2,"63":1,"64":1,"65":1,"66":1,"67":0,"68":1,"69":1,"70":1,"71":1,"72":1,"73":1,"74":1,"75":1,"76":2,"77":2,"78":2,"79":2,"80":2,"81":2,"82":2,"83":2,"84":2,"85":2,"86":2,"87":1,"88":1,"89":1,"90":1,"91":1,"92":1,"93":2,"94":0,"95":0,"96":0,"97":0,"98":0,"99":0,"100":0,"101":0,"102":0,"103":0,"104":0,"105":0,"106":0,"107":0,"108":0,"109":0,"110":0,"111":0,"112":0,"113":0,"114":0,"115":0,"116":0,"117":0,"118":0,"119":0,"120":0,"121":0,"122":0,"123":0,"124":0,"125":0,"126":0,"127":0,"128":0,"129":1,"130":1,"131":1},"f":{"0":2,"1":1,"2":0,"3":0,"4":2,"5":1,"6":2,"7":2,"8":2,"9":0,"10":0,"11":0},"b":{"0":[2,0],"1":[0,2],"2":[0,1],"3":[0,1],"4":[1,1,1],"5":[0,1],"6":[0,0],"7":[0,0],"8":[0,0],"9":[1,1],"10":[2,1,1,1],"11":[0,1],"12":[2,0],"13":[2,0],"14":[1,1],"15":[0,0],"16":[0,0],"17":[0,0],"18":[0,0],"19":[0,0],"20":[0,0],"21":[0,0],"22":[1,0],"23":[1,0]},"_coverageSchema":"1a1c01bbd47fc00a2c39e90264f33305004495a9","hash":"339d5ca1b76f34f71eff39accec31dac8741aab3"}
}
