TN:
SF:app.js
FN:16,(anonymous_0)
FN:35,(anonymous_1)
FN:55,(anonymous_2)
FN:84,(anonymous_3)
FN:120,(anonymous_4)
FN:147,(anonymous_5)
FNF:6
FNH:4
FNDA:2,(anonymous_0)
FNDA:1,(anonymous_1)
FNDA:0,(anonymous_2)
FNDA:0,(anonymous_3)
FNDA:2,(anonymous_4)
FNDA:1,(anonymous_5)
DA:1,1
DA:2,1
DA:3,1
DA:4,1
DA:5,1
DA:6,1
DA:7,1
DA:9,1
DA:12,1
DA:13,1
DA:16,1
DA:19,2
DA:20,2
DA:22,0
DA:23,0
DA:26,2
DA:27,0
DA:30,2
DA:31,2
DA:35,1
DA:36,1
DA:38,1
DA:40,0
DA:42,0
DA:43,0
DA:45,0
DA:49,1
DA:50,1
DA:53,1
DA:55,0
DA:56,0
DA:62,0
DA:65,1
DA:66,1
DA:68,1
DA:69,1
DA:71,1
DA:72,0
DA:79,1
DA:84,1
DA:86,0
DA:88,0
DA:89,0
DA:90,0
DA:92,0
DA:93,0
DA:95,0
DA:96,0
DA:97,0
DA:98,0
DA:102,0
DA:106,0
DA:107,0
DA:108,0
DA:110,0
DA:111,0
DA:114,0
DA:115,0
DA:120,1
DA:121,2
DA:123,2
DA:124,1
DA:128,1
DA:133,1
DA:134,1
DA:135,0
DA:137,1
DA:140,1
DA:144,1
DA:145,1
DA:147,1
DA:154,1
DA:157,1
LF:73
LH:43
BRDA:19,0,0,2
BRDA:19,0,1,0
BRDA:26,1,0,0
BRDA:26,1,1,2
BRDA:38,2,0,0
BRDA:38,2,1,1
BRDA:53,3,0,0
BRDA:53,3,1,1
BRDA:53,4,0,1
BRDA:53,4,1,1
BRDA:53,4,2,1
BRDA:71,5,0,0
BRDA:71,5,1,1
BRDA:86,6,0,0
BRDA:86,6,1,0
BRDA:97,7,0,0
BRDA:97,7,1,0
BRDA:110,8,0,0
BRDA:110,8,1,0
BRDA:123,9,0,1
BRDA:123,9,1,1
BRDA:123,10,0,2
BRDA:123,10,1,1
BRDA:123,10,2,1
BRDA:123,10,3,1
BRDA:134,11,0,0
BRDA:134,11,1,1
BRF:27
BRH:15
end_of_record
